<?xml version="1.0" encoding="UTF-8"?>
<testng-results ignored="0" total="1" passed="1" failed="0" skipped="0">
  <reporter-output>
  </reporter-output>
  <suite started-at="2023-05-09T21:10:15 IST" name="Default suite" finished-at="2023-05-09T21:10:27 IST" duration-ms="11685">
    <groups>
    </groups>
    <test started-at="2023-05-09T21:10:15 IST" name="Default test" finished-at="2023-05-09T21:10:27 IST" duration-ms="11685">
      <class name="testNgTestCases.TestTask">
        <test-method is-config="true" signature="launchBrowser()[pri:0, instance:testNgTestCases.TestTask@243c4f91]" started-at="2023-05-09T21:10:15 IST" name="launchBrowser" finished-at="2023-05-09T21:10:19 IST" duration-ms="3393" status="PASS">
          <reporter-output>
          </reporter-output>
        </test-method> <!-- launchBrowser -->
        <test-method signature="click()[pri:0, instance:testNgTestCases.TestTask@243c4f91]" started-at="2023-05-09T21:10:19 IST" name="click" finished-at="2023-05-09T21:10:26 IST" duration-ms="7766" status="PASS">
          <reporter-output>
          </reporter-output>
        </test-method> <!-- click -->
        <test-method is-config="true" signature="quit()[pri:0, instance:testNgTestCases.TestTask@243c4f91]" started-at="2023-05-09T21:10:26 IST" name="quit" finished-at="2023-05-09T21:10:27 IST" duration-ms="462" status="PASS">
          <reporter-output>
          </reporter-output>
        </test-method> <!-- quit -->
      </class> <!-- testNgTestCases.TestTask -->
    </test> <!-- Default test -->
  </suite> <!-- Default suite -->
</testng-results>
