-------------------------------------------------------------------------------
Test set: testRunner.TestRunner
-------------------------------------------------------------------------------
Tests run: 1, Failures: 0, Errors: 1, Skipped: 0, Time elapsed: 0.004 s <<< FAILURE! - in testRunner.TestRunner
initializationError(testRunner.TestRunner)  Time elapsed: 0.004 s  <<< ERROR!
java.lang.IllegalArgumentException: path must exist: C:\Users\ADMIN\eclipse-workspace\CucumberProject\.\src\test\resources\Login.feature

